<?xml version="1.0" encoding="UTF-8"?>
<!-- Generated by org.testng.reporters.JUnitReportReporter -->
<testsuite hostname="LTIN295016" failures="0" tests="2" name="testCases.TC_001_search_bookshelves" time="39.653" errors="0" timestamp="2024-02-14T16:21:38 IST" skipped="0">
  <testcase classname="testCases.TC_001_search_bookshelves" name="search_Bookshelves" time="3.220"/>
  <testcase classname="testCases.TC_001_search_bookshelves" name="applying_filters" time="36.433"/>
</testsuite> <!-- testCases.TC_001_search_bookshelves -->
