<?xml version="1.0" encoding="UTF-8"?>
<!-- Generated by org.testng.reporters.JUnitReportReporter -->
<testsuite hostname="LTIN295016" failures="0" tests="1" name="testCases.TC_002_Living_Submenu" time="4.896" errors="0" timestamp="2024-02-14T16:21:38 IST" skipped="0">
  <testcase classname="testCases.TC_002_Living_Submenu" name="retrieve_submenu" time="4.896"/>
</testsuite> <!-- testCases.TC_002_Living_Submenu -->
