<?xml version="1.0" encoding="UTF-8"?>
<!-- Generated by org.testng.reporters.JUnitReportReporter -->
<testsuite hostname="LTIN295016" failures="0" tests="5" name="testCases.TC_003_Giftcards" time="31.768" errors="0" timestamp="2024-02-14T16:21:38 IST" skipped="0">
  <testcase classname="testCases.TC_003_Giftcards" name="gift_card_selection" time="12.054"/>
  <testcase classname="testCases.TC_003_Giftcards" name="set_amount_and_date" time="3.924"/>
  <testcase classname="testCases.TC_003_Giftcards" name="invalid_details" time="6.050"/>
  <testcase classname="testCases.TC_003_Giftcards" name="valid_details" time="6.566"/>
  <testcase classname="testCases.TC_003_Giftcards" name="confirm_details" time="3.174"/>
</testsuite> <!-- testCases.TC_003_Giftcards -->
